<?xml version="1.0" encoding="UTF-8"?>
<testsuites name="TS_Get ID" time="3.625" tests="5" failures="0" errors="0">
   <testsuite name="TS_Get ID" tests="5" failures="0" errors="0" time="3.625" skipped="0" timestamp="13-11-2024T11:45:53" hostname="aq - DESKTOP-4SVMIJA" id="Test Suites/Booking/TS_Get ID">
      <properties>
         <property name="deviceName" value=""/>
         <property name="devicePlatform"/>
         <property name="logFolder" value="C:\\Users\\aq\\Katalon Studio\\TAK_Akhir\\Reports\\20241113_114526\\Booking\\TS_Get ID\\20241113_114529"/>
         <property name="logFiles" value="C:\\Users\\aq\\Katalon Studio\\TAK_Akhir\\Reports\\20241113_114526\\Booking\\TS_Get ID\\20241113_114529\\execution0.log"/>
         <property name="attachments" value=""/>
         <property name="hostName" value="aq - DESKTOP-4SVMIJA"/>
         <property name="hostAddress" value="192.168.1.6"/>
         <property name="os" value="Windows 11 64bit"/>
         <property name="katalonVersion" value="9.7.2.223"/>
      </properties>
      <testcase name="Test Cases/TC Booking/TC_Get by ID/TC_Get ID" time="2.262" classname="Test Cases/TC Booking/TC_Get by ID/TC_Get ID" status="PASSED">
         <system-out><![CDATA[13-11-2024T11:45:53 - [TEST_CASE][PASSED] - Test Cases/TC Booking/TC_Get by ID/TC_Get ID: Test Cases/TC Booking/TC_Get by ID/TC_Get ID

13-11-2024T11:45:53 - [TEST_STEP][PASSED] - Response = sendRequest(findTestObject("Booking/GET Booking ID")): Send request successfully

13-11-2024T11:45:55 - [MESSAGE][INFO] - HAR: C:\Users\aq\Katalon Studio\TAK_Akhir\Reports\20241113_114526\Booking\TS_Get ID\20241113_114529\requests\main\0.har

13-11-2024T11:45:55 - [MESSAGE][PASSED] - Send request successfully

13-11-2024T11:45:55 - [TEST_STEP][PASSED] - verifyResponseStatusCode(Response, 200): Verify response status code successfully

13-11-2024T11:45:55 - [MESSAGE][PASSED] - Verify response status code successfully]]></system-out>
         <system-err><![CDATA[]]></system-err>
      </testcase>
      <testcase name="Test Cases/TC Booking/TC_Get by ID/TC_Get by ID_1" time="0.327" classname="Test Cases/TC Booking/TC_Get by ID/TC_Get by ID_1" status="PASSED">
         <system-out><![CDATA[13-11-2024T11:45:55 - [TEST_CASE][PASSED] - Test Cases/TC Booking/TC_Get by ID/TC_Get by ID_1: Test Cases/TC Booking/TC_Get by ID/TC_Get by ID_1

13-11-2024T11:45:55 - [TEST_STEP][PASSED] - Response = sendRequest(findTestObject("Booking/GET Booking by ID/GET Booking by ID_1")): Send request successfully

13-11-2024T11:45:56 - [MESSAGE][INFO] - HAR: C:\Users\aq\Katalon Studio\TAK_Akhir\Reports\20241113_114526\Booking\TS_Get ID\20241113_114529\requests\main\1.har

13-11-2024T11:45:56 - [MESSAGE][PASSED] - Send request successfully

13-11-2024T11:45:56 - [TEST_STEP][PASSED] - verifyResponseStatusCode(Response, 200): Verify response status code successfully

13-11-2024T11:45:56 - [MESSAGE][PASSED] - Verify response status code successfully]]></system-out>
         <system-err><![CDATA[]]></system-err>
      </testcase>
      <testcase name="Test Cases/TC Booking/TC_Get by ID/TC_Get by ID_2" time="0.303" classname="Test Cases/TC Booking/TC_Get by ID/TC_Get by ID_2" status="PASSED">
         <system-out><![CDATA[13-11-2024T11:45:56 - [TEST_CASE][PASSED] - Test Cases/TC Booking/TC_Get by ID/TC_Get by ID_2: Test Cases/TC Booking/TC_Get by ID/TC_Get by ID_2

13-11-2024T11:45:56 - [TEST_STEP][PASSED] - Response = sendRequest(findTestObject("Booking/GET Booking by ID/GET Booking by ID_2")): Send request successfully

13-11-2024T11:45:56 - [MESSAGE][INFO] - HAR: C:\Users\aq\Katalon Studio\TAK_Akhir\Reports\20241113_114526\Booking\TS_Get ID\20241113_114529\requests\main\2.har

13-11-2024T11:45:56 - [MESSAGE][PASSED] - Send request successfully

13-11-2024T11:45:56 - [TEST_STEP][PASSED] - verifyResponseStatusCode(Response, 200): Verify response status code successfully

13-11-2024T11:45:56 - [MESSAGE][PASSED] - Verify response status code successfully]]></system-out>
         <system-err><![CDATA[]]></system-err>
      </testcase>
      <testcase name="Test Cases/TC Booking/TC_Get by ID/TC_Get by ID_3" time="0.302" classname="Test Cases/TC Booking/TC_Get by ID/TC_Get by ID_3" status="PASSED">
         <system-out><![CDATA[13-11-2024T11:45:56 - [TEST_CASE][PASSED] - Test Cases/TC Booking/TC_Get by ID/TC_Get by ID_3: Test Cases/TC Booking/TC_Get by ID/TC_Get by ID_3

13-11-2024T11:45:56 - [TEST_STEP][PASSED] - Response = sendRequest(findTestObject("Booking/GET Booking by ID/GET Booking by ID_3")): Send request successfully

13-11-2024T11:45:56 - [MESSAGE][INFO] - HAR: C:\Users\aq\Katalon Studio\TAK_Akhir\Reports\20241113_114526\Booking\TS_Get ID\20241113_114529\requests\main\3.har

13-11-2024T11:45:56 - [MESSAGE][PASSED] - Send request successfully

13-11-2024T11:45:56 - [TEST_STEP][PASSED] - verifyResponseStatusCode(Response, 200): Verify response status code successfully

13-11-2024T11:45:56 - [MESSAGE][PASSED] - Verify response status code successfully]]></system-out>
         <system-err><![CDATA[]]></system-err>
      </testcase>
      <testcase name="Test Cases/TC Booking/TC_Get by ID/TC_Get by ID_4" time="0.309" classname="Test Cases/TC Booking/TC_Get by ID/TC_Get by ID_4" status="PASSED">
         <system-out><![CDATA[13-11-2024T11:45:56 - [TEST_CASE][PASSED] - Test Cases/TC Booking/TC_Get by ID/TC_Get by ID_4: Test Cases/TC Booking/TC_Get by ID/TC_Get by ID_4

13-11-2024T11:45:56 - [TEST_STEP][PASSED] - Response = sendRequest(findTestObject("Booking/GET Booking by ID/GET Booking by ID_4")): Send request successfully

13-11-2024T11:45:56 - [MESSAGE][INFO] - HAR: C:\Users\aq\Katalon Studio\TAK_Akhir\Reports\20241113_114526\Booking\TS_Get ID\20241113_114529\requests\main\4.har

13-11-2024T11:45:56 - [MESSAGE][PASSED] - Send request successfully

13-11-2024T11:45:56 - [TEST_STEP][PASSED] - verifyResponseStatusCode(Response, 200): Verify response status code successfully

13-11-2024T11:45:56 - [MESSAGE][PASSED] - Verify response status code successfully]]></system-out>
         <system-err><![CDATA[]]></system-err>
      </testcase>
      <system-out><![CDATA[13-11-2024T11:45:53 - [TEST_SUITE][PASSED] - TS_Get ID: Test Cases/TC Booking/TC_Get by ID/TC_Get by ID_4]]></system-out>
      <system-err><![CDATA[]]></system-err>
   </testsuite>
</testsuites>
