<?xml version="1.0" encoding="UTF-8"?>
<testsuites name="TS_Create Task" time="255.984" tests="4" failures="0" errors="0">
   <testsuite name="TS_Create Task" tests="4" failures="0" errors="0" time="255.984" skipped="0" timestamp="11-11-2024T16:37:44" hostname="aq - DESKTOP-4SVMIJA" id="Test Suites/TS_Create Task">
      <properties>
         <property name="deviceName" value="realme RMX3516 (Android 13)"/>
         <property name="devicePlatform" value="Android"/>
         <property name="logFolder" value="C:\\Users\\aq\\Katalon Studio\\TAK_KatalonMobile\\Reports\\20241111_163739\\TS_Create Task\\20241111_163739"/>
         <property name="logFiles" value="C:\\Users\\aq\\Katalon Studio\\TAK_KatalonMobile\\Reports\\20241111_163739\\TS_Create Task\\20241111_163739\\appium.log, C:\\Users\\aq\\Katalon Studio\\TAK_KatalonMobile\\Reports\\20241111_163739\\TS_Create Task\\20241111_163739\\appium_error.log, C:\\Users\\aq\\Katalon Studio\\TAK_KatalonMobile\\Reports\\20241111_163739\\TS_Create Task\\20241111_163739\\execution0.log"/>
         <property name="attachments" value=""/>
         <property name="hostName" value="aq - DESKTOP-4SVMIJA"/>
         <property name="os" value="Windows 11 64bit"/>
         <property name="appiumServerStatus" value="{&quot;value&quot;:{&quot;ready&quot;:true,&quot;message&quot;:&quot;The server is ready to accept new connections&quot;,&quot;build&quot;:{&quot;version&quot;:&quot;2.12.1&quot;}}}"/>
         <property name="katalonVersion" value="9.7.2.223"/>
         <property name="deviceOS" value="Android"/>
         <property name="appiumVersion" value="2.12.1"/>
         <property name="deviceModel" value="RMX3516"/>
         <property name="hostAddress" value="192.168.1.6"/>
         <property name="deviceManufacturer" value="realme"/>
         <property name="deviceId" value="adb-0L52223V211051B6-b2JV8E._adb-tls-connect._tcp"/>
         <property name="deviceName" value="realme RMX3516 (Android 13)"/>
         <property name="deviceOSVersion" value="13"/>
      </properties>
      <testcase name="Test Cases/TS_Create Task" time="54.562" classname="Test Cases/TS_Create Task" status="PASSED">
         <system-out><![CDATA[11-11-2024T16:37:44 - [TEST_CASE][PASSED] - Test Cases/TS_Create Task: Test Cases/TS_Create Task

11-11-2024T16:37:45 - [TEST_STEP][PASSED] - callTestCase(findTestCase("Block/Create Task"), ["TaskTitle":TaskTitle, "Task":Task, "TimeHours":TimeHours, "TimeMinutes":TimeMinutes], STOP_ON_FAILURE): Call Test Case 'Test Cases/Block/Create Task' successfully

11-11-2024T16:37:45 - [TEST_CASE][PASSED] - Test Cases/Block/Create Task: Test Cases/Block/Create Task

11-11-2024T16:37:45 - [TEST_STEP][PASSED] - startApplication("C:\Users\aq\Katalon Studio\TAK_KatalonMobile\androidapp\Todo_2.0_APKPure.apk", true): Started application: 'C:\Users\aq\Katalon Studio\TAK_KatalonMobile\androidapp\Todo_2.0_APKPure.apk'

11-11-2024T16:37:45 - [MESSAGE][INFO] - Starting application: 'C:\Users\aq\Katalon Studio\TAK_KatalonMobile\androidapp\Todo_2.0_APKPure.apk'

11-11-2024T16:37:45 - [MESSAGE][INFO] - Detected NodeJS location: "C:\Program Files\nodejs\node.exe"

11-11-2024T16:37:50 - [MESSAGE][INFO] - PATH: C:\Program Files\nodejs;

11-11-2024T16:37:50 - [MESSAGE][INFO] - APPIUM_HOME: C:\Users\aq\.appium

11-11-2024T16:37:50 - [MESSAGE][INFO] - appium outlog: C:\Users\aq\Katalon Studio\TAK_KatalonMobile\Reports\20241111_163739\TS_Create Task\20241111_163739\appium.log

11-11-2024T16:37:50 - [MESSAGE][INFO] - appium errlog: C:\Users\aq\Katalon Studio\TAK_KatalonMobile\Reports\20241111_163739\TS_Create Task\20241111_163739\appium_error.log

11-11-2024T16:37:51 - [MESSAGE][INFO] - Appium server started on port 65,110

11-11-2024T16:38:09 - [MESSAGE][PASSED] - Started application: 'C:\Users\aq\Katalon Studio\TAK_KatalonMobile\androidapp\Todo_2.0_APKPure.apk'

11-11-2024T16:38:09 - [TEST_STEP][PASSED] - tap(findTestObject("Object Repository/TODO/android.widget.TextView - Skip"), 0): Tapped on element 'Object Repository/TODO/android.widget.TextView - Skip'

11-11-2024T16:38:09 - [MESSAGE][WARNING] - Timeout '0' is invalid. Using default page load timeout: '30'

11-11-2024T16:38:12 - [MESSAGE][PASSED] - Tapped on element 'Object Repository/TODO/android.widget.TextView - Skip'

11-11-2024T16:38:12 - [TEST_STEP][PASSED] - tap(findTestObject("Object Repository/TODO/3.Create Task/android.widget.AddTask"), 0): Tapped on element 'Object Repository/TODO/3.Create Task/android.widget.AddTask'

11-11-2024T16:38:12 - [MESSAGE][WARNING] - Timeout '0' is invalid. Using default page load timeout: '30'

11-11-2024T16:38:13 - [MESSAGE][PASSED] - Tapped on element 'Object Repository/TODO/3.Create Task/android.widget.AddTask'

11-11-2024T16:38:13 - [TEST_STEP][PASSED] - setText(findTestObject("Object Repository/TODO/3.Create Task/android.widget.EditText - Enter task title"), TaskTitle, 0): Text 'Makan' has been set to element 'Object Repository/TODO/3.Create Task/android.widget.EditText - Enter task title'

11-11-2024T16:38:13 - [MESSAGE][WARNING] - Timeout '0' is invalid. Using default page load timeout: '30'

11-11-2024T16:38:17 - [MESSAGE][PASSED] - Text 'Makan' has been set to element 'Object Repository/TODO/3.Create Task/android.widget.EditText - Enter task title'

11-11-2024T16:38:17 - [TEST_STEP][PASSED] - setText(findTestObject("Object Repository/TODO/3.Create Task/android.widget.EditText - Enter your task"), Task, 0): Text 'Ketoprak' has been set to element 'Object Repository/TODO/3.Create Task/android.widget.EditText - Enter your task'

11-11-2024T16:38:17 - [MESSAGE][WARNING] - Timeout '0' is invalid. Using default page load timeout: '30'

11-11-2024T16:38:20 - [MESSAGE][PASSED] - Text 'Ketoprak' has been set to element 'Object Repository/TODO/3.Create Task/android.widget.EditText - Enter your task'

11-11-2024T16:38:20 - [TEST_STEP][PASSED] - tap(findTestObject("Object Repository/TODO/3.Create Task/android.widget.EditText - Set Date"), 0): Tapped on element 'Object Repository/TODO/3.Create Task/android.widget.EditText - Set Date'

11-11-2024T16:38:20 - [MESSAGE][WARNING] - Timeout '0' is invalid. Using default page load timeout: '30'

11-11-2024T16:38:21 - [MESSAGE][PASSED] - Tapped on element 'Object Repository/TODO/3.Create Task/android.widget.EditText - Set Date'

11-11-2024T16:38:21 - [TEST_STEP][PASSED] - tap(findTestObject("Object Repository/TODO/3.Create Task/android.view.View - Date-16"), 0): Tapped on element 'Object Repository/TODO/3.Create Task/android.view.View - Date-16'

11-11-2024T16:38:21 - [MESSAGE][WARNING] - Timeout '0' is invalid. Using default page load timeout: '30'

11-11-2024T16:38:23 - [MESSAGE][PASSED] - Tapped on element 'Object Repository/TODO/3.Create Task/android.view.View - Date-16'

11-11-2024T16:38:23 - [TEST_STEP][PASSED] - tap(findTestObject("Object Repository/TODO/3.Create Task/android.widget.Button - DateOK"), 0): Tapped on element 'Object Repository/TODO/3.Create Task/android.widget.Button - DateOK'

11-11-2024T16:38:23 - [MESSAGE][WARNING] - Timeout '0' is invalid. Using default page load timeout: '30'

11-11-2024T16:38:23 - [MESSAGE][PASSED] - Tapped on element 'Object Repository/TODO/3.Create Task/android.widget.Button - DateOK'

11-11-2024T16:38:23 - [TEST_STEP][PASSED] - tap(findTestObject("TODO/3.Create Task/android.widget.EditText - Set Time"), 0): Tapped on element 'Object Repository/TODO/3.Create Task/android.widget.EditText - Set Time'

11-11-2024T16:38:23 - [MESSAGE][WARNING] - Timeout '0' is invalid. Using default page load timeout: '30'

11-11-2024T16:38:24 - [MESSAGE][PASSED] - Tapped on element 'Object Repository/TODO/3.Create Task/android.widget.EditText - Set Time'

11-11-2024T16:38:24 - [TEST_STEP][PASSED] - tap(findTestObject("TODO/3.Create Task/3.1.SetTimeText/android.widget.SetTimeText Button"), 0): Tapped on element 'Object Repository/TODO/3.Create Task/3.1.SetTimeText/android.widget.SetTimeText Button'

11-11-2024T16:38:24 - [MESSAGE][WARNING] - Timeout '0' is invalid. Using default page load timeout: '30'

11-11-2024T16:38:26 - [MESSAGE][PASSED] - Tapped on element 'Object Repository/TODO/3.Create Task/3.1.SetTimeText/android.widget.SetTimeText Button'

11-11-2024T16:38:26 - [TEST_STEP][PASSED] - setText(findTestObject("TODO/3.Create Task/3.1.SetTimeText/android.widget.EditText - SetTimeText Hours"), TimeHours, 0): Text '10' has been set to element 'Object Repository/TODO/3.Create Task/3.1.SetTimeText/android.widget.EditText - SetTimeText Hours'

11-11-2024T16:38:26 - [MESSAGE][WARNING] - Timeout '0' is invalid. Using default page load timeout: '30'

11-11-2024T16:38:28 - [MESSAGE][PASSED] - Text '10' has been set to element 'Object Repository/TODO/3.Create Task/3.1.SetTimeText/android.widget.EditText - SetTimeText Hours'

11-11-2024T16:38:28 - [TEST_STEP][PASSED] - setText(findTestObject("TODO/3.Create Task/3.1.SetTimeText/android.widget.EditText - SetTimeText Minutes"), TimeMinutes, 0): Text '30' has been set to element 'Object Repository/TODO/3.Create Task/3.1.SetTimeText/android.widget.EditText - SetTimeText Minutes'

11-11-2024T16:38:28 - [MESSAGE][WARNING] - Timeout '0' is invalid. Using default page load timeout: '30'

11-11-2024T16:38:30 - [MESSAGE][PASSED] - Text '30' has been set to element 'Object Repository/TODO/3.Create Task/3.1.SetTimeText/android.widget.EditText - SetTimeText Minutes'

11-11-2024T16:38:30 - [TEST_STEP][PASSED] - tap(findTestObject("TODO/3.Create Task/3.1.SetTimeText/android.widget.CheckedTextView - SetTimeTextAMPM"), 0): Tapped on element 'Object Repository/TODO/3.Create Task/3.1.SetTimeText/android.widget.CheckedTextView - SetTimeTextAMPM'

11-11-2024T16:38:30 - [MESSAGE][WARNING] - Timeout '0' is invalid. Using default page load timeout: '30'

11-11-2024T16:38:31 - [MESSAGE][PASSED] - Tapped on element 'Object Repository/TODO/3.Create Task/3.1.SetTimeText/android.widget.CheckedTextView - SetTimeTextAMPM'

11-11-2024T16:38:31 - [TEST_STEP][PASSED] - tap(findTestObject("TODO/3.Create Task/3.1.SetTimeText/android.widget.CheckedTextView - PM"), 0): Tapped on element 'Object Repository/TODO/3.Create Task/3.1.SetTimeText/android.widget.CheckedTextView - PM'

11-11-2024T16:38:31 - [MESSAGE][WARNING] - Timeout '0' is invalid. Using default page load timeout: '30'

11-11-2024T16:38:33 - [MESSAGE][PASSED] - Tapped on element 'Object Repository/TODO/3.Create Task/3.1.SetTimeText/android.widget.CheckedTextView - PM'

11-11-2024T16:38:33 - [TEST_STEP][PASSED] - tap(findTestObject("Object Repository/TODO/3.Create Task/android.widget.Button - TimeOK"), 0): Tapped on element 'Object Repository/TODO/3.Create Task/android.widget.Button - TimeOK'

11-11-2024T16:38:33 - [MESSAGE][WARNING] - Timeout '0' is invalid. Using default page load timeout: '30'

11-11-2024T16:38:33 - [MESSAGE][PASSED] - Tapped on element 'Object Repository/TODO/3.Create Task/android.widget.Button - TimeOK'

11-11-2024T16:38:33 - [TEST_STEP][PASSED] - tap(findTestObject("Object Repository/TODO/3.Create Task/android.widget.TextView - SelectCategory"), 0): Tapped on element 'Object Repository/TODO/3.Create Task/android.widget.TextView - SelectCategory'

11-11-2024T16:38:33 - [MESSAGE][WARNING] - Timeout '0' is invalid. Using default page load timeout: '30'

11-11-2024T16:38:34 - [MESSAGE][PASSED] - Tapped on element 'Object Repository/TODO/3.Create Task/android.widget.TextView - SelectCategory'

11-11-2024T16:38:34 - [TEST_STEP][PASSED] - tap(findTestObject("Object Repository/TODO/3.Create Task/android.widget.CheckedTextView - Personal"), 0): Tapped on element 'Object Repository/TODO/3.Create Task/android.widget.CheckedTextView - Personal'

11-11-2024T16:38:34 - [MESSAGE][WARNING] - Timeout '0' is invalid. Using default page load timeout: '30'

11-11-2024T16:38:36 - [MESSAGE][PASSED] - Tapped on element 'Object Repository/TODO/3.Create Task/android.widget.CheckedTextView - Personal'

11-11-2024T16:38:36 - [TEST_STEP][PASSED] - tap(findTestObject("Object Repository/TODO/3.Create Task/android.widget.CreateTask"), 0): Tapped on element 'Object Repository/TODO/3.Create Task/android.widget.CreateTask'

11-11-2024T16:38:36 - [MESSAGE][WARNING] - Timeout '0' is invalid. Using default page load timeout: '30'

11-11-2024T16:38:36 - [MESSAGE][PASSED] - Tapped on element 'Object Repository/TODO/3.Create Task/android.widget.CreateTask'

11-11-2024T16:38:36 - [TEST_STEP][PASSED] - verifyElementText(findTestObject("Object Repository/TODO/3.Create Task/android.widget.TextView - Dashboard TaskTitle"), TaskTitle): Actual text and expected text of test object 'Object Repository/TODO/3.Create Task/android.widget.TextView - Dashboard TaskTitle' are matched.

11-11-2024T16:38:37 - [MESSAGE][PASSED] - Actual text and expected text of test object 'Object Repository/TODO/3.Create Task/android.widget.TextView - Dashboard TaskTitle' are matched.

11-11-2024T16:38:37 - [MESSAGE][PASSED] - Call Test Case 'Test Cases/Block/Create Task' successfully

11-11-2024T16:38:37 - [TEST_STEP][PASSED] - closeApplication(): Close app successfully

11-11-2024T16:38:39 - [MESSAGE][PASSED] - Close app successfully]]></system-out>
         <system-err><![CDATA[]]></system-err>
      </testcase>
      <testcase name="Test Cases/TS_Create Task" time="58.235" classname="Test Cases/TS_Create Task" status="PASSED">
         <system-out><![CDATA[11-11-2024T16:38:39 - [TEST_CASE][PASSED] - Test Cases/TS_Create Task: Test Cases/TS_Create Task

11-11-2024T16:38:39 - [TEST_STEP][PASSED] - callTestCase(findTestCase("Block/Create Task"), ["TaskTitle":TaskTitle, "Task":Task, "TimeHours":TimeHours, "TimeMinutes":TimeMinutes], STOP_ON_FAILURE): Call Test Case 'Test Cases/Block/Create Task' successfully

11-11-2024T16:38:39 - [TEST_CASE][PASSED] - Test Cases/Block/Create Task: Test Cases/Block/Create Task

11-11-2024T16:38:39 - [TEST_STEP][PASSED] - startApplication("C:\Users\aq\Katalon Studio\TAK_KatalonMobile\androidapp\Todo_2.0_APKPure.apk", true): Started application: 'C:\Users\aq\Katalon Studio\TAK_KatalonMobile\androidapp\Todo_2.0_APKPure.apk'

11-11-2024T16:38:39 - [MESSAGE][INFO] - Starting application: 'C:\Users\aq\Katalon Studio\TAK_KatalonMobile\androidapp\Todo_2.0_APKPure.apk'

11-11-2024T16:38:39 - [MESSAGE][INFO] - Detected NodeJS location: "C:\Program Files\nodejs\node.exe"

11-11-2024T16:38:45 - [MESSAGE][INFO] - PATH: C:\Program Files\nodejs;

11-11-2024T16:38:45 - [MESSAGE][INFO] - APPIUM_HOME: C:\Users\aq\.appium

11-11-2024T16:38:45 - [MESSAGE][INFO] - appium outlog: C:\Users\aq\Katalon Studio\TAK_KatalonMobile\Reports\20241111_163739\TS_Create Task\20241111_163739\appium.log

11-11-2024T16:38:45 - [MESSAGE][INFO] - appium errlog: C:\Users\aq\Katalon Studio\TAK_KatalonMobile\Reports\20241111_163739\TS_Create Task\20241111_163739\appium_error.log

11-11-2024T16:38:46 - [MESSAGE][INFO] - Appium server started on port 65,399

11-11-2024T16:39:09 - [MESSAGE][PASSED] - Started application: 'C:\Users\aq\Katalon Studio\TAK_KatalonMobile\androidapp\Todo_2.0_APKPure.apk'

11-11-2024T16:39:09 - [TEST_STEP][PASSED] - tap(findTestObject("Object Repository/TODO/android.widget.TextView - Skip"), 0): Tapped on element 'Object Repository/TODO/android.widget.TextView - Skip'

11-11-2024T16:39:09 - [MESSAGE][WARNING] - Timeout '0' is invalid. Using default page load timeout: '30'

11-11-2024T16:39:11 - [MESSAGE][PASSED] - Tapped on element 'Object Repository/TODO/android.widget.TextView - Skip'

11-11-2024T16:39:11 - [TEST_STEP][PASSED] - tap(findTestObject("Object Repository/TODO/3.Create Task/android.widget.AddTask"), 0): Tapped on element 'Object Repository/TODO/3.Create Task/android.widget.AddTask'

11-11-2024T16:39:11 - [MESSAGE][WARNING] - Timeout '0' is invalid. Using default page load timeout: '30'

11-11-2024T16:39:12 - [MESSAGE][PASSED] - Tapped on element 'Object Repository/TODO/3.Create Task/android.widget.AddTask'

11-11-2024T16:39:12 - [TEST_STEP][PASSED] - setText(findTestObject("Object Repository/TODO/3.Create Task/android.widget.EditText - Enter task title"), TaskTitle, 0): Text 'Minum' has been set to element 'Object Repository/TODO/3.Create Task/android.widget.EditText - Enter task title'

11-11-2024T16:39:12 - [MESSAGE][WARNING] - Timeout '0' is invalid. Using default page load timeout: '30'

11-11-2024T16:39:16 - [MESSAGE][PASSED] - Text 'Minum' has been set to element 'Object Repository/TODO/3.Create Task/android.widget.EditText - Enter task title'

11-11-2024T16:39:16 - [TEST_STEP][PASSED] - setText(findTestObject("Object Repository/TODO/3.Create Task/android.widget.EditText - Enter your task"), Task, 0): Text 'Es The' has been set to element 'Object Repository/TODO/3.Create Task/android.widget.EditText - Enter your task'

11-11-2024T16:39:16 - [MESSAGE][WARNING] - Timeout '0' is invalid. Using default page load timeout: '30'

11-11-2024T16:39:18 - [MESSAGE][PASSED] - Text 'Es The' has been set to element 'Object Repository/TODO/3.Create Task/android.widget.EditText - Enter your task'

11-11-2024T16:39:18 - [TEST_STEP][PASSED] - tap(findTestObject("Object Repository/TODO/3.Create Task/android.widget.EditText - Set Date"), 0): Tapped on element 'Object Repository/TODO/3.Create Task/android.widget.EditText - Set Date'

11-11-2024T16:39:18 - [MESSAGE][WARNING] - Timeout '0' is invalid. Using default page load timeout: '30'

11-11-2024T16:39:20 - [MESSAGE][PASSED] - Tapped on element 'Object Repository/TODO/3.Create Task/android.widget.EditText - Set Date'

11-11-2024T16:39:20 - [TEST_STEP][PASSED] - tap(findTestObject("Object Repository/TODO/3.Create Task/android.view.View - Date-16"), 0): Tapped on element 'Object Repository/TODO/3.Create Task/android.view.View - Date-16'

11-11-2024T16:39:20 - [MESSAGE][WARNING] - Timeout '0' is invalid. Using default page load timeout: '30'

11-11-2024T16:39:21 - [MESSAGE][PASSED] - Tapped on element 'Object Repository/TODO/3.Create Task/android.view.View - Date-16'

11-11-2024T16:39:21 - [TEST_STEP][PASSED] - tap(findTestObject("Object Repository/TODO/3.Create Task/android.widget.Button - DateOK"), 0): Tapped on element 'Object Repository/TODO/3.Create Task/android.widget.Button - DateOK'

11-11-2024T16:39:21 - [MESSAGE][WARNING] - Timeout '0' is invalid. Using default page load timeout: '30'

11-11-2024T16:39:21 - [MESSAGE][PASSED] - Tapped on element 'Object Repository/TODO/3.Create Task/android.widget.Button - DateOK'

11-11-2024T16:39:21 - [TEST_STEP][PASSED] - tap(findTestObject("TODO/3.Create Task/android.widget.EditText - Set Time"), 0): Tapped on element 'Object Repository/TODO/3.Create Task/android.widget.EditText - Set Time'

11-11-2024T16:39:21 - [MESSAGE][WARNING] - Timeout '0' is invalid. Using default page load timeout: '30'

11-11-2024T16:39:22 - [MESSAGE][PASSED] - Tapped on element 'Object Repository/TODO/3.Create Task/android.widget.EditText - Set Time'

11-11-2024T16:39:22 - [TEST_STEP][PASSED] - tap(findTestObject("TODO/3.Create Task/3.1.SetTimeText/android.widget.SetTimeText Button"), 0): Tapped on element 'Object Repository/TODO/3.Create Task/3.1.SetTimeText/android.widget.SetTimeText Button'

11-11-2024T16:39:22 - [MESSAGE][WARNING] - Timeout '0' is invalid. Using default page load timeout: '30'

11-11-2024T16:39:24 - [MESSAGE][PASSED] - Tapped on element 'Object Repository/TODO/3.Create Task/3.1.SetTimeText/android.widget.SetTimeText Button'

11-11-2024T16:39:24 - [TEST_STEP][PASSED] - setText(findTestObject("TODO/3.Create Task/3.1.SetTimeText/android.widget.EditText - SetTimeText Hours"), TimeHours, 0): Text '10' has been set to element 'Object Repository/TODO/3.Create Task/3.1.SetTimeText/android.widget.EditText - SetTimeText Hours'

11-11-2024T16:39:24 - [MESSAGE][WARNING] - Timeout '0' is invalid. Using default page load timeout: '30'

11-11-2024T16:39:26 - [MESSAGE][PASSED] - Text '10' has been set to element 'Object Repository/TODO/3.Create Task/3.1.SetTimeText/android.widget.EditText - SetTimeText Hours'

11-11-2024T16:39:26 - [TEST_STEP][PASSED] - setText(findTestObject("TODO/3.Create Task/3.1.SetTimeText/android.widget.EditText - SetTimeText Minutes"), TimeMinutes, 0): Text '40' has been set to element 'Object Repository/TODO/3.Create Task/3.1.SetTimeText/android.widget.EditText - SetTimeText Minutes'

11-11-2024T16:39:26 - [MESSAGE][WARNING] - Timeout '0' is invalid. Using default page load timeout: '30'

11-11-2024T16:39:28 - [MESSAGE][PASSED] - Text '40' has been set to element 'Object Repository/TODO/3.Create Task/3.1.SetTimeText/android.widget.EditText - SetTimeText Minutes'

11-11-2024T16:39:28 - [TEST_STEP][PASSED] - tap(findTestObject("TODO/3.Create Task/3.1.SetTimeText/android.widget.CheckedTextView - SetTimeTextAMPM"), 0): Tapped on element 'Object Repository/TODO/3.Create Task/3.1.SetTimeText/android.widget.CheckedTextView - SetTimeTextAMPM'

11-11-2024T16:39:28 - [MESSAGE][WARNING] - Timeout '0' is invalid. Using default page load timeout: '30'

11-11-2024T16:39:29 - [MESSAGE][PASSED] - Tapped on element 'Object Repository/TODO/3.Create Task/3.1.SetTimeText/android.widget.CheckedTextView - SetTimeTextAMPM'

11-11-2024T16:39:29 - [TEST_STEP][PASSED] - tap(findTestObject("TODO/3.Create Task/3.1.SetTimeText/android.widget.CheckedTextView - PM"), 0): Tapped on element 'Object Repository/TODO/3.Create Task/3.1.SetTimeText/android.widget.CheckedTextView - PM'

11-11-2024T16:39:29 - [MESSAGE][WARNING] - Timeout '0' is invalid. Using default page load timeout: '30'

11-11-2024T16:39:31 - [MESSAGE][PASSED] - Tapped on element 'Object Repository/TODO/3.Create Task/3.1.SetTimeText/android.widget.CheckedTextView - PM'

11-11-2024T16:39:31 - [TEST_STEP][PASSED] - tap(findTestObject("Object Repository/TODO/3.Create Task/android.widget.Button - TimeOK"), 0): Tapped on element 'Object Repository/TODO/3.Create Task/android.widget.Button - TimeOK'

11-11-2024T16:39:31 - [MESSAGE][WARNING] - Timeout '0' is invalid. Using default page load timeout: '30'

11-11-2024T16:39:31 - [MESSAGE][PASSED] - Tapped on element 'Object Repository/TODO/3.Create Task/android.widget.Button - TimeOK'

11-11-2024T16:39:31 - [TEST_STEP][PASSED] - tap(findTestObject("Object Repository/TODO/3.Create Task/android.widget.TextView - SelectCategory"), 0): Tapped on element 'Object Repository/TODO/3.Create Task/android.widget.TextView - SelectCategory'

11-11-2024T16:39:31 - [MESSAGE][WARNING] - Timeout '0' is invalid. Using default page load timeout: '30'

11-11-2024T16:39:32 - [MESSAGE][PASSED] - Tapped on element 'Object Repository/TODO/3.Create Task/android.widget.TextView - SelectCategory'

11-11-2024T16:39:32 - [TEST_STEP][PASSED] - tap(findTestObject("Object Repository/TODO/3.Create Task/android.widget.CheckedTextView - Personal"), 0): Tapped on element 'Object Repository/TODO/3.Create Task/android.widget.CheckedTextView - Personal'

11-11-2024T16:39:32 - [MESSAGE][WARNING] - Timeout '0' is invalid. Using default page load timeout: '30'

11-11-2024T16:39:34 - [MESSAGE][PASSED] - Tapped on element 'Object Repository/TODO/3.Create Task/android.widget.CheckedTextView - Personal'

11-11-2024T16:39:34 - [TEST_STEP][PASSED] - tap(findTestObject("Object Repository/TODO/3.Create Task/android.widget.CreateTask"), 0): Tapped on element 'Object Repository/TODO/3.Create Task/android.widget.CreateTask'

11-11-2024T16:39:34 - [MESSAGE][WARNING] - Timeout '0' is invalid. Using default page load timeout: '30'

11-11-2024T16:39:34 - [MESSAGE][PASSED] - Tapped on element 'Object Repository/TODO/3.Create Task/android.widget.CreateTask'

11-11-2024T16:39:34 - [TEST_STEP][PASSED] - verifyElementText(findTestObject("Object Repository/TODO/3.Create Task/android.widget.TextView - Dashboard TaskTitle"), TaskTitle): Actual text and expected text of test object 'Object Repository/TODO/3.Create Task/android.widget.TextView - Dashboard TaskTitle' are matched.

11-11-2024T16:39:35 - [MESSAGE][PASSED] - Actual text and expected text of test object 'Object Repository/TODO/3.Create Task/android.widget.TextView - Dashboard TaskTitle' are matched.

11-11-2024T16:39:35 - [MESSAGE][PASSED] - Call Test Case 'Test Cases/Block/Create Task' successfully

11-11-2024T16:39:35 - [TEST_STEP][PASSED] - closeApplication(): Close app successfully

11-11-2024T16:39:37 - [MESSAGE][PASSED] - Close app successfully]]></system-out>
         <system-err><![CDATA[]]></system-err>
      </testcase>
      <testcase name="Test Cases/TS_Create Task" time="52.406" classname="Test Cases/TS_Create Task" status="PASSED">
         <system-out><![CDATA[11-11-2024T16:39:37 - [TEST_CASE][PASSED] - Test Cases/TS_Create Task: Test Cases/TS_Create Task

11-11-2024T16:39:37 - [TEST_STEP][PASSED] - callTestCase(findTestCase("Block/Create Task"), ["TaskTitle":TaskTitle, "Task":Task, "TimeHours":TimeHours, "TimeMinutes":TimeMinutes], STOP_ON_FAILURE): Call Test Case 'Test Cases/Block/Create Task' successfully

11-11-2024T16:39:37 - [TEST_CASE][PASSED] - Test Cases/Block/Create Task: Test Cases/Block/Create Task

11-11-2024T16:39:37 - [TEST_STEP][PASSED] - startApplication("C:\Users\aq\Katalon Studio\TAK_KatalonMobile\androidapp\Todo_2.0_APKPure.apk", true): Started application: 'C:\Users\aq\Katalon Studio\TAK_KatalonMobile\androidapp\Todo_2.0_APKPure.apk'

11-11-2024T16:39:37 - [MESSAGE][INFO] - Starting application: 'C:\Users\aq\Katalon Studio\TAK_KatalonMobile\androidapp\Todo_2.0_APKPure.apk'

11-11-2024T16:39:37 - [MESSAGE][INFO] - Detected NodeJS location: "C:\Program Files\nodejs\node.exe"

11-11-2024T16:39:43 - [MESSAGE][INFO] - PATH: C:\Program Files\nodejs;

11-11-2024T16:39:43 - [MESSAGE][INFO] - APPIUM_HOME: C:\Users\aq\.appium

11-11-2024T16:39:43 - [MESSAGE][INFO] - appium outlog: C:\Users\aq\Katalon Studio\TAK_KatalonMobile\Reports\20241111_163739\TS_Create Task\20241111_163739\appium.log

11-11-2024T16:39:43 - [MESSAGE][INFO] - appium errlog: C:\Users\aq\Katalon Studio\TAK_KatalonMobile\Reports\20241111_163739\TS_Create Task\20241111_163739\appium_error.log

11-11-2024T16:39:44 - [MESSAGE][INFO] - Appium server started on port 49,296

11-11-2024T16:40:00 - [MESSAGE][PASSED] - Started application: 'C:\Users\aq\Katalon Studio\TAK_KatalonMobile\androidapp\Todo_2.0_APKPure.apk'

11-11-2024T16:40:00 - [TEST_STEP][PASSED] - tap(findTestObject("Object Repository/TODO/android.widget.TextView - Skip"), 0): Tapped on element 'Object Repository/TODO/android.widget.TextView - Skip'

11-11-2024T16:40:00 - [MESSAGE][WARNING] - Timeout '0' is invalid. Using default page load timeout: '30'

11-11-2024T16:40:02 - [MESSAGE][PASSED] - Tapped on element 'Object Repository/TODO/android.widget.TextView - Skip'

11-11-2024T16:40:02 - [TEST_STEP][PASSED] - tap(findTestObject("Object Repository/TODO/3.Create Task/android.widget.AddTask"), 0): Tapped on element 'Object Repository/TODO/3.Create Task/android.widget.AddTask'

11-11-2024T16:40:02 - [MESSAGE][WARNING] - Timeout '0' is invalid. Using default page load timeout: '30'

11-11-2024T16:40:04 - [MESSAGE][PASSED] - Tapped on element 'Object Repository/TODO/3.Create Task/android.widget.AddTask'

11-11-2024T16:40:04 - [TEST_STEP][PASSED] - setText(findTestObject("Object Repository/TODO/3.Create Task/android.widget.EditText - Enter task title"), TaskTitle, 0): Text 'Mandi' has been set to element 'Object Repository/TODO/3.Create Task/android.widget.EditText - Enter task title'

11-11-2024T16:40:04 - [MESSAGE][WARNING] - Timeout '0' is invalid. Using default page load timeout: '30'

11-11-2024T16:40:07 - [MESSAGE][PASSED] - Text 'Mandi' has been set to element 'Object Repository/TODO/3.Create Task/android.widget.EditText - Enter task title'

11-11-2024T16:40:07 - [TEST_STEP][PASSED] - setText(findTestObject("Object Repository/TODO/3.Create Task/android.widget.EditText - Enter your task"), Task, 0): Text 'Pagi' has been set to element 'Object Repository/TODO/3.Create Task/android.widget.EditText - Enter your task'

11-11-2024T16:40:07 - [MESSAGE][WARNING] - Timeout '0' is invalid. Using default page load timeout: '30'

11-11-2024T16:40:11 - [MESSAGE][PASSED] - Text 'Pagi' has been set to element 'Object Repository/TODO/3.Create Task/android.widget.EditText - Enter your task'

11-11-2024T16:40:11 - [TEST_STEP][PASSED] - tap(findTestObject("Object Repository/TODO/3.Create Task/android.widget.EditText - Set Date"), 0): Tapped on element 'Object Repository/TODO/3.Create Task/android.widget.EditText - Set Date'

11-11-2024T16:40:11 - [MESSAGE][WARNING] - Timeout '0' is invalid. Using default page load timeout: '30'

11-11-2024T16:40:12 - [MESSAGE][PASSED] - Tapped on element 'Object Repository/TODO/3.Create Task/android.widget.EditText - Set Date'

11-11-2024T16:40:12 - [TEST_STEP][PASSED] - tap(findTestObject("Object Repository/TODO/3.Create Task/android.view.View - Date-16"), 0): Tapped on element 'Object Repository/TODO/3.Create Task/android.view.View - Date-16'

11-11-2024T16:40:12 - [MESSAGE][WARNING] - Timeout '0' is invalid. Using default page load timeout: '30'

11-11-2024T16:40:13 - [MESSAGE][PASSED] - Tapped on element 'Object Repository/TODO/3.Create Task/android.view.View - Date-16'

11-11-2024T16:40:13 - [TEST_STEP][PASSED] - tap(findTestObject("Object Repository/TODO/3.Create Task/android.widget.Button - DateOK"), 0): Tapped on element 'Object Repository/TODO/3.Create Task/android.widget.Button - DateOK'

11-11-2024T16:40:13 - [MESSAGE][WARNING] - Timeout '0' is invalid. Using default page load timeout: '30'

11-11-2024T16:40:14 - [MESSAGE][PASSED] - Tapped on element 'Object Repository/TODO/3.Create Task/android.widget.Button - DateOK'

11-11-2024T16:40:14 - [TEST_STEP][PASSED] - tap(findTestObject("TODO/3.Create Task/android.widget.EditText - Set Time"), 0): Tapped on element 'Object Repository/TODO/3.Create Task/android.widget.EditText - Set Time'

11-11-2024T16:40:14 - [MESSAGE][WARNING] - Timeout '0' is invalid. Using default page load timeout: '30'

11-11-2024T16:40:14 - [MESSAGE][PASSED] - Tapped on element 'Object Repository/TODO/3.Create Task/android.widget.EditText - Set Time'

11-11-2024T16:40:14 - [TEST_STEP][PASSED] - tap(findTestObject("TODO/3.Create Task/3.1.SetTimeText/android.widget.SetTimeText Button"), 0): Tapped on element 'Object Repository/TODO/3.Create Task/3.1.SetTimeText/android.widget.SetTimeText Button'

11-11-2024T16:40:14 - [MESSAGE][WARNING] - Timeout '0' is invalid. Using default page load timeout: '30'

11-11-2024T16:40:16 - [MESSAGE][PASSED] - Tapped on element 'Object Repository/TODO/3.Create Task/3.1.SetTimeText/android.widget.SetTimeText Button'

11-11-2024T16:40:16 - [TEST_STEP][PASSED] - setText(findTestObject("TODO/3.Create Task/3.1.SetTimeText/android.widget.EditText - SetTimeText Hours"), TimeHours, 0): Text '11' has been set to element 'Object Repository/TODO/3.Create Task/3.1.SetTimeText/android.widget.EditText - SetTimeText Hours'

11-11-2024T16:40:16 - [MESSAGE][WARNING] - Timeout '0' is invalid. Using default page load timeout: '30'

11-11-2024T16:40:19 - [MESSAGE][PASSED] - Text '11' has been set to element 'Object Repository/TODO/3.Create Task/3.1.SetTimeText/android.widget.EditText - SetTimeText Hours'

11-11-2024T16:40:19 - [TEST_STEP][PASSED] - setText(findTestObject("TODO/3.Create Task/3.1.SetTimeText/android.widget.EditText - SetTimeText Minutes"), TimeMinutes, 0): Text '0' has been set to element 'Object Repository/TODO/3.Create Task/3.1.SetTimeText/android.widget.EditText - SetTimeText Minutes'

11-11-2024T16:40:19 - [MESSAGE][WARNING] - Timeout '0' is invalid. Using default page load timeout: '30'

11-11-2024T16:40:21 - [MESSAGE][PASSED] - Text '0' has been set to element 'Object Repository/TODO/3.Create Task/3.1.SetTimeText/android.widget.EditText - SetTimeText Minutes'

11-11-2024T16:40:21 - [TEST_STEP][PASSED] - tap(findTestObject("TODO/3.Create Task/3.1.SetTimeText/android.widget.CheckedTextView - SetTimeTextAMPM"), 0): Tapped on element 'Object Repository/TODO/3.Create Task/3.1.SetTimeText/android.widget.CheckedTextView - SetTimeTextAMPM'

11-11-2024T16:40:21 - [MESSAGE][WARNING] - Timeout '0' is invalid. Using default page load timeout: '30'

11-11-2024T16:40:22 - [MESSAGE][PASSED] - Tapped on element 'Object Repository/TODO/3.Create Task/3.1.SetTimeText/android.widget.CheckedTextView - SetTimeTextAMPM'

11-11-2024T16:40:22 - [TEST_STEP][PASSED] - tap(findTestObject("TODO/3.Create Task/3.1.SetTimeText/android.widget.CheckedTextView - PM"), 0): Tapped on element 'Object Repository/TODO/3.Create Task/3.1.SetTimeText/android.widget.CheckedTextView - PM'

11-11-2024T16:40:22 - [MESSAGE][WARNING] - Timeout '0' is invalid. Using default page load timeout: '30'

11-11-2024T16:40:24 - [MESSAGE][PASSED] - Tapped on element 'Object Repository/TODO/3.Create Task/3.1.SetTimeText/android.widget.CheckedTextView - PM'

11-11-2024T16:40:24 - [TEST_STEP][PASSED] - tap(findTestObject("Object Repository/TODO/3.Create Task/android.widget.Button - TimeOK"), 0): Tapped on element 'Object Repository/TODO/3.Create Task/android.widget.Button - TimeOK'

11-11-2024T16:40:24 - [MESSAGE][WARNING] - Timeout '0' is invalid. Using default page load timeout: '30'

11-11-2024T16:40:24 - [MESSAGE][PASSED] - Tapped on element 'Object Repository/TODO/3.Create Task/android.widget.Button - TimeOK'

11-11-2024T16:40:24 - [TEST_STEP][PASSED] - tap(findTestObject("Object Repository/TODO/3.Create Task/android.widget.TextView - SelectCategory"), 0): Tapped on element 'Object Repository/TODO/3.Create Task/android.widget.TextView - SelectCategory'

11-11-2024T16:40:24 - [MESSAGE][WARNING] - Timeout '0' is invalid. Using default page load timeout: '30'

11-11-2024T16:40:25 - [MESSAGE][PASSED] - Tapped on element 'Object Repository/TODO/3.Create Task/android.widget.TextView - SelectCategory'

11-11-2024T16:40:25 - [TEST_STEP][PASSED] - tap(findTestObject("Object Repository/TODO/3.Create Task/android.widget.CheckedTextView - Personal"), 0): Tapped on element 'Object Repository/TODO/3.Create Task/android.widget.CheckedTextView - Personal'

11-11-2024T16:40:25 - [MESSAGE][WARNING] - Timeout '0' is invalid. Using default page load timeout: '30'

11-11-2024T16:40:26 - [MESSAGE][PASSED] - Tapped on element 'Object Repository/TODO/3.Create Task/android.widget.CheckedTextView - Personal'

11-11-2024T16:40:26 - [TEST_STEP][PASSED] - tap(findTestObject("Object Repository/TODO/3.Create Task/android.widget.CreateTask"), 0): Tapped on element 'Object Repository/TODO/3.Create Task/android.widget.CreateTask'

11-11-2024T16:40:26 - [MESSAGE][WARNING] - Timeout '0' is invalid. Using default page load timeout: '30'

11-11-2024T16:40:26 - [MESSAGE][PASSED] - Tapped on element 'Object Repository/TODO/3.Create Task/android.widget.CreateTask'

11-11-2024T16:40:26 - [TEST_STEP][PASSED] - verifyElementText(findTestObject("Object Repository/TODO/3.Create Task/android.widget.TextView - Dashboard TaskTitle"), TaskTitle): Actual text and expected text of test object 'Object Repository/TODO/3.Create Task/android.widget.TextView - Dashboard TaskTitle' are matched.

11-11-2024T16:40:28 - [MESSAGE][PASSED] - Actual text and expected text of test object 'Object Repository/TODO/3.Create Task/android.widget.TextView - Dashboard TaskTitle' are matched.

11-11-2024T16:40:28 - [MESSAGE][PASSED] - Call Test Case 'Test Cases/Block/Create Task' successfully

11-11-2024T16:40:28 - [TEST_STEP][PASSED] - closeApplication(): Close app successfully

11-11-2024T16:40:30 - [MESSAGE][PASSED] - Close app successfully]]></system-out>
         <system-err><![CDATA[]]></system-err>
      </testcase>
      <testcase name="Test Cases/TS_Create Task" time="61.989" classname="Test Cases/TS_Create Task" status="PASSED">
         <system-out><![CDATA[11-11-2024T16:40:58 - [TEST_CASE][PASSED] - Test Cases/TS_Create Task: Test Cases/TS_Create Task

11-11-2024T16:40:58 - [TEST_STEP][PASSED] - callTestCase(findTestCase("Block/Create Task"), ["TaskTitle":TaskTitle, "Task":Task, "TimeHours":TimeHours, "TimeMinutes":TimeMinutes], STOP_ON_FAILURE): Call Test Case 'Test Cases/Block/Create Task' successfully

11-11-2024T16:40:58 - [TEST_CASE][PASSED] - Test Cases/Block/Create Task: Test Cases/Block/Create Task

11-11-2024T16:40:58 - [TEST_STEP][PASSED] - startApplication("C:\Users\aq\Katalon Studio\TAK_KatalonMobile\androidapp\Todo_2.0_APKPure.apk", true): Started application: 'C:\Users\aq\Katalon Studio\TAK_KatalonMobile\androidapp\Todo_2.0_APKPure.apk'

11-11-2024T16:40:58 - [MESSAGE][INFO] - Starting application: 'C:\Users\aq\Katalon Studio\TAK_KatalonMobile\androidapp\Todo_2.0_APKPure.apk'

11-11-2024T16:41:31 - [MESSAGE][PASSED] - Started application: 'C:\Users\aq\Katalon Studio\TAK_KatalonMobile\androidapp\Todo_2.0_APKPure.apk'

11-11-2024T16:41:31 - [TEST_STEP][PASSED] - tap(findTestObject("Object Repository/TODO/android.widget.TextView - Skip"), 0): Tapped on element 'Object Repository/TODO/android.widget.TextView - Skip'

11-11-2024T16:41:31 - [MESSAGE][WARNING] - Timeout '0' is invalid. Using default page load timeout: '30'

11-11-2024T16:41:34 - [MESSAGE][PASSED] - Tapped on element 'Object Repository/TODO/android.widget.TextView - Skip'

11-11-2024T16:41:34 - [TEST_STEP][PASSED] - tap(findTestObject("Object Repository/TODO/3.Create Task/android.widget.AddTask"), 0): Tapped on element 'Object Repository/TODO/3.Create Task/android.widget.AddTask'

11-11-2024T16:41:34 - [MESSAGE][WARNING] - Timeout '0' is invalid. Using default page load timeout: '30'

11-11-2024T16:41:35 - [MESSAGE][PASSED] - Tapped on element 'Object Repository/TODO/3.Create Task/android.widget.AddTask'

11-11-2024T16:41:35 - [TEST_STEP][PASSED] - setText(findTestObject("Object Repository/TODO/3.Create Task/android.widget.EditText - Enter task title"), TaskTitle, 0): Text 'Tidur' has been set to element 'Object Repository/TODO/3.Create Task/android.widget.EditText - Enter task title'

11-11-2024T16:41:35 - [MESSAGE][WARNING] - Timeout '0' is invalid. Using default page load timeout: '30'

11-11-2024T16:41:38 - [MESSAGE][PASSED] - Text 'Tidur' has been set to element 'Object Repository/TODO/3.Create Task/android.widget.EditText - Enter task title'

11-11-2024T16:41:38 - [TEST_STEP][PASSED] - setText(findTestObject("Object Repository/TODO/3.Create Task/android.widget.EditText - Enter your task"), Task, 0): Text 'Malem' has been set to element 'Object Repository/TODO/3.Create Task/android.widget.EditText - Enter your task'

11-11-2024T16:41:38 - [MESSAGE][WARNING] - Timeout '0' is invalid. Using default page load timeout: '30'

11-11-2024T16:41:41 - [MESSAGE][PASSED] - Text 'Malem' has been set to element 'Object Repository/TODO/3.Create Task/android.widget.EditText - Enter your task'

11-11-2024T16:41:41 - [TEST_STEP][PASSED] - tap(findTestObject("Object Repository/TODO/3.Create Task/android.widget.EditText - Set Date"), 0): Tapped on element 'Object Repository/TODO/3.Create Task/android.widget.EditText - Set Date'

11-11-2024T16:41:41 - [MESSAGE][WARNING] - Timeout '0' is invalid. Using default page load timeout: '30'

11-11-2024T16:41:43 - [MESSAGE][PASSED] - Tapped on element 'Object Repository/TODO/3.Create Task/android.widget.EditText - Set Date'

11-11-2024T16:41:43 - [TEST_STEP][PASSED] - tap(findTestObject("Object Repository/TODO/3.Create Task/android.view.View - Date-16"), 0): Tapped on element 'Object Repository/TODO/3.Create Task/android.view.View - Date-16'

11-11-2024T16:41:43 - [MESSAGE][WARNING] - Timeout '0' is invalid. Using default page load timeout: '30'

11-11-2024T16:41:44 - [MESSAGE][PASSED] - Tapped on element 'Object Repository/TODO/3.Create Task/android.view.View - Date-16'

11-11-2024T16:41:44 - [TEST_STEP][PASSED] - tap(findTestObject("Object Repository/TODO/3.Create Task/android.widget.Button - DateOK"), 0): Tapped on element 'Object Repository/TODO/3.Create Task/android.widget.Button - DateOK'

11-11-2024T16:41:44 - [MESSAGE][WARNING] - Timeout '0' is invalid. Using default page load timeout: '30'

11-11-2024T16:41:44 - [MESSAGE][PASSED] - Tapped on element 'Object Repository/TODO/3.Create Task/android.widget.Button - DateOK'

11-11-2024T16:41:44 - [TEST_STEP][PASSED] - tap(findTestObject("TODO/3.Create Task/android.widget.EditText - Set Time"), 0): Tapped on element 'Object Repository/TODO/3.Create Task/android.widget.EditText - Set Time'

11-11-2024T16:41:44 - [MESSAGE][WARNING] - Timeout '0' is invalid. Using default page load timeout: '30'

11-11-2024T16:41:45 - [MESSAGE][PASSED] - Tapped on element 'Object Repository/TODO/3.Create Task/android.widget.EditText - Set Time'

11-11-2024T16:41:45 - [TEST_STEP][PASSED] - tap(findTestObject("TODO/3.Create Task/3.1.SetTimeText/android.widget.SetTimeText Button"), 0): Tapped on element 'Object Repository/TODO/3.Create Task/3.1.SetTimeText/android.widget.SetTimeText Button'

11-11-2024T16:41:45 - [MESSAGE][WARNING] - Timeout '0' is invalid. Using default page load timeout: '30'

11-11-2024T16:41:47 - [MESSAGE][PASSED] - Tapped on element 'Object Repository/TODO/3.Create Task/3.1.SetTimeText/android.widget.SetTimeText Button'

11-11-2024T16:41:47 - [TEST_STEP][PASSED] - setText(findTestObject("TODO/3.Create Task/3.1.SetTimeText/android.widget.EditText - SetTimeText Hours"), TimeHours, 0): Text '3' has been set to element 'Object Repository/TODO/3.Create Task/3.1.SetTimeText/android.widget.EditText - SetTimeText Hours'

11-11-2024T16:41:47 - [MESSAGE][WARNING] - Timeout '0' is invalid. Using default page load timeout: '30'

11-11-2024T16:41:49 - [MESSAGE][PASSED] - Text '3' has been set to element 'Object Repository/TODO/3.Create Task/3.1.SetTimeText/android.widget.EditText - SetTimeText Hours'

11-11-2024T16:41:49 - [TEST_STEP][PASSED] - setText(findTestObject("TODO/3.Create Task/3.1.SetTimeText/android.widget.EditText - SetTimeText Minutes"), TimeMinutes, 0): Text '0' has been set to element 'Object Repository/TODO/3.Create Task/3.1.SetTimeText/android.widget.EditText - SetTimeText Minutes'

11-11-2024T16:41:49 - [MESSAGE][WARNING] - Timeout '0' is invalid. Using default page load timeout: '30'

11-11-2024T16:41:52 - [MESSAGE][PASSED] - Text '0' has been set to element 'Object Repository/TODO/3.Create Task/3.1.SetTimeText/android.widget.EditText - SetTimeText Minutes'

11-11-2024T16:41:52 - [TEST_STEP][PASSED] - tap(findTestObject("TODO/3.Create Task/3.1.SetTimeText/android.widget.CheckedTextView - SetTimeTextAMPM"), 0): Tapped on element 'Object Repository/TODO/3.Create Task/3.1.SetTimeText/android.widget.CheckedTextView - SetTimeTextAMPM'

11-11-2024T16:41:52 - [MESSAGE][WARNING] - Timeout '0' is invalid. Using default page load timeout: '30'

11-11-2024T16:41:53 - [MESSAGE][PASSED] - Tapped on element 'Object Repository/TODO/3.Create Task/3.1.SetTimeText/android.widget.CheckedTextView - SetTimeTextAMPM'

11-11-2024T16:41:53 - [TEST_STEP][PASSED] - tap(findTestObject("TODO/3.Create Task/3.1.SetTimeText/android.widget.CheckedTextView - PM"), 0): Tapped on element 'Object Repository/TODO/3.Create Task/3.1.SetTimeText/android.widget.CheckedTextView - PM'

11-11-2024T16:41:53 - [MESSAGE][WARNING] - Timeout '0' is invalid. Using default page load timeout: '30'

11-11-2024T16:41:54 - [MESSAGE][PASSED] - Tapped on element 'Object Repository/TODO/3.Create Task/3.1.SetTimeText/android.widget.CheckedTextView - PM'

11-11-2024T16:41:54 - [TEST_STEP][PASSED] - tap(findTestObject("Object Repository/TODO/3.Create Task/android.widget.Button - TimeOK"), 0): Tapped on element 'Object Repository/TODO/3.Create Task/android.widget.Button - TimeOK'

11-11-2024T16:41:54 - [MESSAGE][WARNING] - Timeout '0' is invalid. Using default page load timeout: '30'

11-11-2024T16:41:54 - [MESSAGE][PASSED] - Tapped on element 'Object Repository/TODO/3.Create Task/android.widget.Button - TimeOK'

11-11-2024T16:41:54 - [TEST_STEP][PASSED] - tap(findTestObject("Object Repository/TODO/3.Create Task/android.widget.TextView - SelectCategory"), 0): Tapped on element 'Object Repository/TODO/3.Create Task/android.widget.TextView - SelectCategory'

11-11-2024T16:41:54 - [MESSAGE][WARNING] - Timeout '0' is invalid. Using default page load timeout: '30'

11-11-2024T16:41:55 - [MESSAGE][PASSED] - Tapped on element 'Object Repository/TODO/3.Create Task/android.widget.TextView - SelectCategory'

11-11-2024T16:41:55 - [TEST_STEP][PASSED] - tap(findTestObject("Object Repository/TODO/3.Create Task/android.widget.CheckedTextView - Personal"), 0): Tapped on element 'Object Repository/TODO/3.Create Task/android.widget.CheckedTextView - Personal'

11-11-2024T16:41:55 - [MESSAGE][WARNING] - Timeout '0' is invalid. Using default page load timeout: '30'

11-11-2024T16:41:57 - [MESSAGE][PASSED] - Tapped on element 'Object Repository/TODO/3.Create Task/android.widget.CheckedTextView - Personal'

11-11-2024T16:41:57 - [TEST_STEP][PASSED] - tap(findTestObject("Object Repository/TODO/3.Create Task/android.widget.CreateTask"), 0): Tapped on element 'Object Repository/TODO/3.Create Task/android.widget.CreateTask'

11-11-2024T16:41:57 - [MESSAGE][WARNING] - Timeout '0' is invalid. Using default page load timeout: '30'

11-11-2024T16:41:57 - [MESSAGE][PASSED] - Tapped on element 'Object Repository/TODO/3.Create Task/android.widget.CreateTask'

11-11-2024T16:41:57 - [TEST_STEP][PASSED] - verifyElementText(findTestObject("Object Repository/TODO/3.Create Task/android.widget.TextView - Dashboard TaskTitle"), TaskTitle): Actual text and expected text of test object 'Object Repository/TODO/3.Create Task/android.widget.TextView - Dashboard TaskTitle' are matched.

11-11-2024T16:41:58 - [MESSAGE][PASSED] - Actual text and expected text of test object 'Object Repository/TODO/3.Create Task/android.widget.TextView - Dashboard TaskTitle' are matched.

11-11-2024T16:41:58 - [MESSAGE][PASSED] - Call Test Case 'Test Cases/Block/Create Task' successfully

11-11-2024T16:41:58 - [TEST_STEP][PASSED] - closeApplication(): Close app successfully

11-11-2024T16:42:00 - [MESSAGE][PASSED] - Close app successfully]]></system-out>
         <system-err><![CDATA[]]></system-err>
      </testcase>
      <system-out><![CDATA[11-11-2024T16:37:44 - [TEST_SUITE][FAILED] - TS_Create Task: Test Cases/TS_Create Task FAILED.
Reason:
com.kms.katalon.core.exception.StepFailedException: Call Test Case 'Test Cases/Block/Create Task' failed
	at com.kms.katalon.core.keyword.builtin.CallTestCaseKeyword$_callTestCase_closure1.doCall(CallTestCaseKeyword.groovy:63)
	at com.kms.katalon.core.keyword.builtin.CallTestCaseKeyword$_callTestCase_closure1.call(CallTestCaseKeyword.groovy)
	at com.kms.katalon.core.keyword.internal.KeywordMain.runKeyword(KeywordMain.groovy:75)
	at com.kms.katalon.core.keyword.builtin.CallTestCaseKeyword.callTestCase(CallTestCaseKeyword.groovy:81)
	at com.kms.katalon.core.keyword.builtin.CallTestCaseKeyword.execute(CallTestCaseKeyword.groovy:44)
	at com.kms.katalon.core.keyword.internal.KeywordExecutor.executeKeywordForPlatform(KeywordExecutor.groovy:74)
	at com.kms.katalon.core.keyword.BuiltinKeywords.callTestCase(BuiltinKeywords.groovy:310)
	at java.base/jdk.internal.reflect.NativeMethodAccessorImpl.invoke0(Native Method)
	at java.base/jdk.internal.reflect.NativeMethodAccessorImpl.invoke(NativeMethodAccessorImpl.java:77)
	at java.base/jdk.internal.reflect.DelegatingMethodAccessorImpl.invoke(DelegatingMethodAccessorImpl.java:43)
	at TS_Create Task.run(TS_Create Task:20)
	at com.kms.katalon.core.main.ScriptEngine.run(ScriptEngine.java:194)
	at com.kms.katalon.core.main.ScriptEngine.runScriptAsRawText(ScriptEngine.java:119)
	at com.kms.katalon.core.main.TestCaseExecutor.runScript(TestCaseExecutor.java:448)
	at com.kms.katalon.core.main.TestCaseExecutor.doExecute(TestCaseExecutor.java:439)
	at com.kms.katalon.core.main.TestCaseExecutor.processExecutionPhase(TestCaseExecutor.java:418)
	at com.kms.katalon.core.main.TestCaseExecutor.accessMainPhase(TestCaseExecutor.java:410)
	at com.kms.katalon.core.main.TestCaseExecutor.execute(TestCaseExecutor.java:285)
	at com.kms.katalon.core.common.CommonExecutor.accessTestCaseMainPhase(CommonExecutor.java:65)
	at com.kms.katalon.core.main.TestSuiteExecutor.accessTestSuiteMainPhase(TestSuiteExecutor.java:150)
	at com.kms.katalon.core.main.TestSuiteExecutor.execute(TestSuiteExecutor.java:106)
	at com.kms.katalon.core.main.TestCaseMain.startTestSuite(TestCaseMain.java:180)
	at TempTestSuite1731317859409.run(TempTestSuite1731317859409.groovy:35)
	at java.base/jdk.internal.reflect.NativeMethodAccessorImpl.invoke0(Native Method)
	at java.base/jdk.internal.reflect.NativeMethodAccessorImpl.invoke(NativeMethodAccessorImpl.java:77)
	at java.base/jdk.internal.reflect.DelegatingMethodAccessorImpl.invoke(DelegatingMethodAccessorImpl.java:43)
Caused by: com.kms.katalon.core.exception.StepFailedException: Failed to tap on element 'Object Repository/TODO/3.Create Task/android.widget.AddTask'
	at com.kms.katalon.core.mobile.keyword.internal.MobileKeywordMain.stepFailed(MobileKeywordMain.groovy:64)
	at com.kms.katalon.core.mobile.keyword.internal.MobileKeywordMain.runKeyword(MobileKeywordMain.groovy:34)
	at com.kms.katalon.core.mobile.keyword.builtin.TapKeyword.tap(TapKeyword.groovy:51)
	at com.kms.katalon.core.mobile.keyword.builtin.TapKeyword.execute(TapKeyword.groovy:35)
	at com.kms.katalon.core.keyword.internal.KeywordExecutor.executeKeywordForPlatform(KeywordExecutor.groovy:74)
	at com.kms.katalon.core.mobile.keyword.MobileBuiltInKeywords.tap(MobileBuiltInKeywords.groovy:1490)
	at Create Task.run(Create Task:24)
	at com.kms.katalon.core.main.ScriptEngine.run(ScriptEngine.java:194)
	at com.kms.katalon.core.main.ScriptEngine.runScriptAsRawText(ScriptEngine.java:119)
	at com.kms.katalon.core.main.TestCaseExecutor.runScript(TestCaseExecutor.java:448)
	at com.kms.katalon.core.main.TestCaseExecutor.doExecute(TestCaseExecutor.java:439)
	at com.kms.katalon.core.main.TestCaseExecutor.processExecutionPhase(TestCaseExecutor.java:418)
	at com.kms.katalon.core.main.TestCaseExecutor.accessMainPhase(TestCaseExecutor.java:410)
	at com.kms.katalon.core.main.TestCaseExecutor.execute(TestCaseExecutor.java:285)
	at com.kms.katalon.core.main.TestCaseMain.runTestCase(TestCaseMain.java:137)
	at com.kms.katalon.core.keyword.builtin.CallTestCaseKeyword$_callTestCase_closure1.doCall(CallTestCaseKeyword.groovy:59)
	... 25 more
Caused by: org.openqa.selenium.StaleElementReferenceException: Cached elements 'By.xpath: //*[@class = 'android.widget.ImageButton' and @resource-id = 'com.avinashproduct.todo:id/fabAddTask' and (@text = '' or . = '')]' do not exist in DOM anymore
For documentation on this error, please visit: https://www.seleniumhq.org/exceptions/stale_element_reference.html
Build info: version: '3.141.59', revision: 'unknown', time: 'unknown'
System info: host: 'DESKTOP-4SVMIJA', ip: '192.168.1.6', os.name: 'Windows 11', os.arch: 'amd64', os.version: '10.0', java.version: '17.0.7'
Driver info: com.kms.katalon.core.appium.driver.SwipeableAndroidDriver
Capabilities {app: C:\Users\aq\Katalon Studio\..., appPackage: com.avinashproduct.todo, autoGrantPermissions: true, automationName: uiautomator2, databaseEnabled: false, desired: {app: C:\Users\aq\Katalon Studio\..., autoGrantPermissions: true, automationName: uiautomator2, deviceName: realme RMX3516 (Android 13), fullReset: true, newCommandTimeout: 1800, noReset: false, platformName: android, platformVersion: 13, systemPort: 49580, udid: adb-0L52223V211051B6-b2JV8E...}, deviceApiLevel: 33, deviceManufacturer: realme, deviceModel: RMX3516, deviceName: adb-0L52223V211051B6-b2JV8E..., deviceScreenDensity: 408, deviceScreenSize: 1080x2408, deviceUDID: adb-0L52223V211051B6-b2JV8E..., fullReset: true, javascriptEnabled: true, locationContextEnabled: false, networkConnectionEnabled: true, newCommandTimeout: 1800, noReset: false, pixelRatio: 2.55, platform: LINUX, platformName: Android, platformVersion: 13, statBarHeight: 122, systemPort: 49580, takesScreenshot: true, udid: adb-0L52223V211051B6-b2JV8E..., viewportRect: {height: 2286, left: 0, top: 122, width: 1080}, warnings: {}, webStorageEnabled: false}
Session ID: f4002637-efc8-48be-a57e-ce9770bd8e5e
	at java.base/jdk.internal.reflect.NativeConstructorAccessorImpl.newInstance0(Native Method)
	at java.base/jdk.internal.reflect.NativeConstructorAccessorImpl.newInstance(NativeConstructorAccessorImpl.java:77)
	at java.base/jdk.internal.reflect.DelegatingConstructorAccessorImpl.newInstance(DelegatingConstructorAccessorImpl.java:45)
	at org.openqa.selenium.remote.http.W3CHttpResponseCodec.createException(W3CHttpResponseCodec.java:187)
	at org.openqa.selenium.remote.http.W3CHttpResponseCodec.decode(W3CHttpResponseCodec.java:122)
	at org.openqa.selenium.remote.http.W3CHttpResponseCodec.decode(W3CHttpResponseCodec.java:49)
	at org.openqa.selenium.remote.HttpCommandExecutor.execute(HttpCommandExecutor.java:158)
	at io.appium.java_client.remote.AppiumCommandExecutor.execute(AppiumCommandExecutor.java:239)
	at org.openqa.selenium.remote.RemoteWebDriver.execute(RemoteWebDriver.java:552)
	at io.appium.java_client.DefaultGenericMobileDriver.execute(DefaultGenericMobileDriver.java:42)
	at io.appium.java_client.AppiumDriver.execute(AppiumDriver.java:1)
	at io.appium.java_client.android.AndroidDriver.execute(AndroidDriver.java:1)
	at com.kms.katalon.core.appium.driver.SwipeableAndroidDriver.execute(SwipeableAndroidDriver.java:1)
	at org.openqa.selenium.remote.RemoteWebElement.execute(RemoteWebElement.java:285)
	at io.appium.java_client.DefaultGenericMobileElement.execute(DefaultGenericMobileElement.java:45)
	at io.appium.java_client.MobileElement.execute(MobileElement.java:1)
	at io.appium.java_client.android.AndroidElement.execute(AndroidElement.java:1)
	at org.openqa.selenium.remote.RemoteWebElement.getLocation(RemoteWebElement.java:337)
	at org.openqa.selenium.WebElement$getLocation.call(Unknown Source)
	at com.kms.katalon.core.mobile.keyword.internal.MobileAbstractKeyword.findElement(MobileAbstractKeyword.groovy:86)
	at jdk.internal.reflect.GeneratedMethodAccessor2.invoke(Unknown Source)
	at java.base/jdk.internal.reflect.DelegatingMethodAccessorImpl.invoke(DelegatingMethodAccessorImpl.java:43)
	at com.kms.katalon.core.mobile.keyword.builtin.TapKeyword$_tap_closure1.doCall(TapKeyword.groovy:43)
	at com.kms.katalon.core.mobile.keyword.builtin.TapKeyword$_tap_closure1.call(TapKeyword.groovy)
	at com.kms.katalon.core.mobile.keyword.internal.MobileKeywordMain.runKeyword(MobileKeywordMain.groovy:30)
	... 39 more]]></system-out>
      <system-err><![CDATA[11-11-2024T16:37:44 - [TEST_SUITE][FAILED] - TS_Create Task: Test Cases/TS_Create Task FAILED.
Reason:
com.kms.katalon.core.exception.StepFailedException: Call Test Case 'Test Cases/Block/Create Task' failed
	at com.kms.katalon.core.keyword.builtin.CallTestCaseKeyword$_callTestCase_closure1.doCall(CallTestCaseKeyword.groovy:63)
	at com.kms.katalon.core.keyword.builtin.CallTestCaseKeyword$_callTestCase_closure1.call(CallTestCaseKeyword.groovy)
	at com.kms.katalon.core.keyword.internal.KeywordMain.runKeyword(KeywordMain.groovy:75)
	at com.kms.katalon.core.keyword.builtin.CallTestCaseKeyword.callTestCase(CallTestCaseKeyword.groovy:81)
	at com.kms.katalon.core.keyword.builtin.CallTestCaseKeyword.execute(CallTestCaseKeyword.groovy:44)
	at com.kms.katalon.core.keyword.internal.KeywordExecutor.executeKeywordForPlatform(KeywordExecutor.groovy:74)
	at com.kms.katalon.core.keyword.BuiltinKeywords.callTestCase(BuiltinKeywords.groovy:310)
	at java.base/jdk.internal.reflect.NativeMethodAccessorImpl.invoke0(Native Method)
	at java.base/jdk.internal.reflect.NativeMethodAccessorImpl.invoke(NativeMethodAccessorImpl.java:77)
	at java.base/jdk.internal.reflect.DelegatingMethodAccessorImpl.invoke(DelegatingMethodAccessorImpl.java:43)
	at TS_Create Task.run(TS_Create Task:20)
	at com.kms.katalon.core.main.ScriptEngine.run(ScriptEngine.java:194)
	at com.kms.katalon.core.main.ScriptEngine.runScriptAsRawText(ScriptEngine.java:119)
	at com.kms.katalon.core.main.TestCaseExecutor.runScript(TestCaseExecutor.java:448)
	at com.kms.katalon.core.main.TestCaseExecutor.doExecute(TestCaseExecutor.java:439)
	at com.kms.katalon.core.main.TestCaseExecutor.processExecutionPhase(TestCaseExecutor.java:418)
	at com.kms.katalon.core.main.TestCaseExecutor.accessMainPhase(TestCaseExecutor.java:410)
	at com.kms.katalon.core.main.TestCaseExecutor.execute(TestCaseExecutor.java:285)
	at com.kms.katalon.core.common.CommonExecutor.accessTestCaseMainPhase(CommonExecutor.java:65)
	at com.kms.katalon.core.main.TestSuiteExecutor.accessTestSuiteMainPhase(TestSuiteExecutor.java:150)
	at com.kms.katalon.core.main.TestSuiteExecutor.execute(TestSuiteExecutor.java:106)
	at com.kms.katalon.core.main.TestCaseMain.startTestSuite(TestCaseMain.java:180)
	at TempTestSuite1731317859409.run(TempTestSuite1731317859409.groovy:35)
	at java.base/jdk.internal.reflect.NativeMethodAccessorImpl.invoke0(Native Method)
	at java.base/jdk.internal.reflect.NativeMethodAccessorImpl.invoke(NativeMethodAccessorImpl.java:77)
	at java.base/jdk.internal.reflect.DelegatingMethodAccessorImpl.invoke(DelegatingMethodAccessorImpl.java:43)
Caused by: com.kms.katalon.core.exception.StepFailedException: Failed to tap on element 'Object Repository/TODO/3.Create Task/android.widget.AddTask'
	at com.kms.katalon.core.mobile.keyword.internal.MobileKeywordMain.stepFailed(MobileKeywordMain.groovy:64)
	at com.kms.katalon.core.mobile.keyword.internal.MobileKeywordMain.runKeyword(MobileKeywordMain.groovy:34)
	at com.kms.katalon.core.mobile.keyword.builtin.TapKeyword.tap(TapKeyword.groovy:51)
	at com.kms.katalon.core.mobile.keyword.builtin.TapKeyword.execute(TapKeyword.groovy:35)
	at com.kms.katalon.core.keyword.internal.KeywordExecutor.executeKeywordForPlatform(KeywordExecutor.groovy:74)
	at com.kms.katalon.core.mobile.keyword.MobileBuiltInKeywords.tap(MobileBuiltInKeywords.groovy:1490)
	at Create Task.run(Create Task:24)
	at com.kms.katalon.core.main.ScriptEngine.run(ScriptEngine.java:194)
	at com.kms.katalon.core.main.ScriptEngine.runScriptAsRawText(ScriptEngine.java:119)
	at com.kms.katalon.core.main.TestCaseExecutor.runScript(TestCaseExecutor.java:448)
	at com.kms.katalon.core.main.TestCaseExecutor.doExecute(TestCaseExecutor.java:439)
	at com.kms.katalon.core.main.TestCaseExecutor.processExecutionPhase(TestCaseExecutor.java:418)
	at com.kms.katalon.core.main.TestCaseExecutor.accessMainPhase(TestCaseExecutor.java:410)
	at com.kms.katalon.core.main.TestCaseExecutor.execute(TestCaseExecutor.java:285)
	at com.kms.katalon.core.main.TestCaseMain.runTestCase(TestCaseMain.java:137)
	at com.kms.katalon.core.keyword.builtin.CallTestCaseKeyword$_callTestCase_closure1.doCall(CallTestCaseKeyword.groovy:59)
	... 25 more
Caused by: org.openqa.selenium.StaleElementReferenceException: Cached elements 'By.xpath: //*[@class = 'android.widget.ImageButton' and @resource-id = 'com.avinashproduct.todo:id/fabAddTask' and (@text = '' or . = '')]' do not exist in DOM anymore
For documentation on this error, please visit: https://www.seleniumhq.org/exceptions/stale_element_reference.html
Build info: version: '3.141.59', revision: 'unknown', time: 'unknown'
System info: host: 'DESKTOP-4SVMIJA', ip: '192.168.1.6', os.name: 'Windows 11', os.arch: 'amd64', os.version: '10.0', java.version: '17.0.7'
Driver info: com.kms.katalon.core.appium.driver.SwipeableAndroidDriver
Capabilities {app: C:\Users\aq\Katalon Studio\..., appPackage: com.avinashproduct.todo, autoGrantPermissions: true, automationName: uiautomator2, databaseEnabled: false, desired: {app: C:\Users\aq\Katalon Studio\..., autoGrantPermissions: true, automationName: uiautomator2, deviceName: realme RMX3516 (Android 13), fullReset: true, newCommandTimeout: 1800, noReset: false, platformName: android, platformVersion: 13, systemPort: 49580, udid: adb-0L52223V211051B6-b2JV8E...}, deviceApiLevel: 33, deviceManufacturer: realme, deviceModel: RMX3516, deviceName: adb-0L52223V211051B6-b2JV8E..., deviceScreenDensity: 408, deviceScreenSize: 1080x2408, deviceUDID: adb-0L52223V211051B6-b2JV8E..., fullReset: true, javascriptEnabled: true, locationContextEnabled: false, networkConnectionEnabled: true, newCommandTimeout: 1800, noReset: false, pixelRatio: 2.55, platform: LINUX, platformName: Android, platformVersion: 13, statBarHeight: 122, systemPort: 49580, takesScreenshot: true, udid: adb-0L52223V211051B6-b2JV8E..., viewportRect: {height: 2286, left: 0, top: 122, width: 1080}, warnings: {}, webStorageEnabled: false}
Session ID: f4002637-efc8-48be-a57e-ce9770bd8e5e
	at java.base/jdk.internal.reflect.NativeConstructorAccessorImpl.newInstance0(Native Method)
	at java.base/jdk.internal.reflect.NativeConstructorAccessorImpl.newInstance(NativeConstructorAccessorImpl.java:77)
	at java.base/jdk.internal.reflect.DelegatingConstructorAccessorImpl.newInstance(DelegatingConstructorAccessorImpl.java:45)
	at org.openqa.selenium.remote.http.W3CHttpResponseCodec.createException(W3CHttpResponseCodec.java:187)
	at org.openqa.selenium.remote.http.W3CHttpResponseCodec.decode(W3CHttpResponseCodec.java:122)
	at org.openqa.selenium.remote.http.W3CHttpResponseCodec.decode(W3CHttpResponseCodec.java:49)
	at org.openqa.selenium.remote.HttpCommandExecutor.execute(HttpCommandExecutor.java:158)
	at io.appium.java_client.remote.AppiumCommandExecutor.execute(AppiumCommandExecutor.java:239)
	at org.openqa.selenium.remote.RemoteWebDriver.execute(RemoteWebDriver.java:552)
	at io.appium.java_client.DefaultGenericMobileDriver.execute(DefaultGenericMobileDriver.java:42)
	at io.appium.java_client.AppiumDriver.execute(AppiumDriver.java:1)
	at io.appium.java_client.android.AndroidDriver.execute(AndroidDriver.java:1)
	at com.kms.katalon.core.appium.driver.SwipeableAndroidDriver.execute(SwipeableAndroidDriver.java:1)
	at org.openqa.selenium.remote.RemoteWebElement.execute(RemoteWebElement.java:285)
	at io.appium.java_client.DefaultGenericMobileElement.execute(DefaultGenericMobileElement.java:45)
	at io.appium.java_client.MobileElement.execute(MobileElement.java:1)
	at io.appium.java_client.android.AndroidElement.execute(AndroidElement.java:1)
	at org.openqa.selenium.remote.RemoteWebElement.getLocation(RemoteWebElement.java:337)
	at org.openqa.selenium.WebElement$getLocation.call(Unknown Source)
	at com.kms.katalon.core.mobile.keyword.internal.MobileAbstractKeyword.findElement(MobileAbstractKeyword.groovy:86)
	at jdk.internal.reflect.GeneratedMethodAccessor2.invoke(Unknown Source)
	at java.base/jdk.internal.reflect.DelegatingMethodAccessorImpl.invoke(DelegatingMethodAccessorImpl.java:43)
	at com.kms.katalon.core.mobile.keyword.builtin.TapKeyword$_tap_closure1.doCall(TapKeyword.groovy:43)
	at com.kms.katalon.core.mobile.keyword.builtin.TapKeyword$_tap_closure1.call(TapKeyword.groovy)
	at com.kms.katalon.core.mobile.keyword.internal.MobileKeywordMain.runKeyword(MobileKeywordMain.groovy:30)
	... 39 more]]></system-err>
   </testsuite>
</testsuites>
